<?xml version="1.0" encoding="UTF-8"?>
<testng-results ignored="0" total="2" passed="2" failed="0" skipped="0">
  <reporter-output>
  </reporter-output>
  <suite started-at="2022-08-11T17:50:14 IST" name="Suite" finished-at="2022-08-11T17:50:38 IST" duration-ms="23779">
    <groups>
    </groups>
    <test started-at="2022-08-11T17:50:14 IST" name="verify login page" finished-at="2022-08-11T17:50:25 IST" duration-ms="11425">
      <class name="TestCases.loginVerify">
        <test-method is-config="true" signature="setup(org.testng.ITestContext)[pri:0, instance:TestCases.loginVerify@4b40f651]" started-at="2022-08-11T17:50:14 IST" name="setup" finished-at="2022-08-11T17:50:21 IST" duration-ms="6932" status="PASS">
          <params>
            <param index="0">
              <value>
                <![CDATA[org.testng.TestRunner@53940e2f]]>
              </value>
            </param>
          </params>
          <reporter-output>
          </reporter-output>
        </test-method> <!-- setup -->
        <test-method signature="loginTest()[pri:0, instance:TestCases.loginVerify@4b40f651]" started-at="2022-08-11T17:50:21 IST" name="loginTest" finished-at="2022-08-11T17:50:22 IST" duration-ms="1482" status="PASS">
          <reporter-output>
          </reporter-output>
        </test-method> <!-- loginTest -->
        <test-method is-config="true" signature="end()[pri:0, instance:TestCases.loginVerify@4b40f651]" started-at="2022-08-11T17:50:22 IST" name="end" finished-at="2022-08-11T17:50:25 IST" duration-ms="2921" status="PASS">
          <reporter-output>
          </reporter-output>
        </test-method> <!-- end -->
      </class> <!-- TestCases.loginVerify -->
    </test> <!-- verify login page -->
    <test started-at="2022-08-11T17:50:25 IST" name="verify logout page" finished-at="2022-08-11T17:50:38 IST" duration-ms="12283">
      <class name="TestCases.logoutVerify">
        <test-method is-config="true" signature="extentreportINIT()[pri:0, instance:TestCases.logoutVerify@497486b3]" started-at="2022-08-11T17:50:13 IST" name="extentreportINIT" finished-at="2022-08-11T17:50:14 IST" duration-ms="592" status="PASS">
          <reporter-output>
          </reporter-output>
        </test-method> <!-- extentreportINIT -->
        <test-method is-config="true" signature="setup(org.testng.ITestContext)[pri:0, instance:TestCases.logoutVerify@497486b3]" started-at="2022-08-11T17:50:25 IST" name="setup" finished-at="2022-08-11T17:50:32 IST" duration-ms="6344" status="PASS">
          <params>
            <param index="0">
              <value>
                <![CDATA[org.testng.TestRunner@45e6d1e0]]>
              </value>
            </param>
          </params>
          <reporter-output>
          </reporter-output>
        </test-method> <!-- setup -->
        <test-method signature="logoutTest()[pri:0, instance:TestCases.logoutVerify@497486b3]" started-at="2022-08-11T17:50:32 IST" name="logoutTest" finished-at="2022-08-11T17:50:35 IST" duration-ms="3041" status="PASS">
          <reporter-output>
          </reporter-output>
        </test-method> <!-- logoutTest -->
        <test-method is-config="true" signature="end()[pri:0, instance:TestCases.logoutVerify@497486b3]" started-at="2022-08-11T17:50:35 IST" name="end" finished-at="2022-08-11T17:50:38 IST" duration-ms="2883" status="PASS">
          <reporter-output>
          </reporter-output>
        </test-method> <!-- end -->
        <test-method is-config="true" signature="extentFlush()[pri:0, instance:TestCases.logoutVerify@497486b3]" started-at="2022-08-11T17:50:38 IST" name="extentFlush" finished-at="2022-08-11T17:50:39 IST" duration-ms="1728" status="PASS">
          <reporter-output>
          </reporter-output>
        </test-method> <!-- extentFlush -->
      </class> <!-- TestCases.logoutVerify -->
    </test> <!-- verify logout page -->
  </suite> <!-- Suite -->
</testng-results>
